14-Jul-17 18:46:17.638 SEVE: gemriwfm.app.main.ui.controller.PETMRTaskListUI
java.lang.ArrayIndexOutOfBoundsException: 5
        at gemriwfm.components.session.MRTaskListSupport.doPaste(MRTaskListSupport.java:340)
        at gemriwfm.components.session.MRSession.pasteTasks(MRSession.java:3025)
        at gemriwfm.app.main.ui.controller.LinkManager.processPasteAction(LinkManager.java:191)
        at gemriwfm.app.main.ui.controller.TaskListUi.duplicateItem(TaskListUi.java:1394)
        at gemriwfm.app.main.ui.controller.TaskListUi.actionPerformed(TaskListUi.java:265)
        at gemriwfm.app.main.ui.controller.PETMRTaskListUI.actionPerformed(PETMRTaskListUI.java:148)
        at javax.swing.AbstractButton.fireActionPerformed(Unknown Source)
        at javax.swing.AbstractButton$Handler.actionPerformed(Unknown Source)
        at javax.swing.DefaultButtonModel.fireActionPerformed(Unknown Source)
        at javax.swing.DefaultButtonModel.setPressed(Unknown Source)
        at javax.swing.AbstractButton.doClick(Unknown Source)
        at javax.swing.plaf.basic.BasicMenuItemUI.doClick(Unknown Source)
        at javax.swing.plaf.basic.BasicMenuItemUI$Handler.mouseReleased(Unknown Source)
        at java.awt.Component.processMouseEvent(Unknown Source)
        at javax.swing.JComponent.processMouseEvent(Unknown Source)
        at java.awt.Component.processEvent(Unknown Source)
        at java.awt.Container.processEvent(Unknown Source)
        at java.awt.Component.dispatchEventImpl(Unknown Source)
        at java.awt.Container.dispatchEventImpl(Unknown Source)
        at java.awt.Component.dispatchEvent(Unknown Source)
        at java.awt.LightweightDispatcher.retargetMouseEvent(Unknown Source)
        at java.awt.LightweightDispatcher.processMouseEvent(Unknown Source)
        at java.awt.LightweightDispatcher.dispatchEvent(Unknown Source)
        at java.awt.Container.dispatchEventImpl(Unknown Source)
        at java.awt.Window.dispatchEventImpl(Unknown Source)
        at java.awt.Component.dispatchEvent(Unknown Source)
        at java.awt.EventQueue.dispatchEventImpl(Unknown Source)
        at java.awt.EventQueue.access$200(Unknown Source)
        at java.awt.EventQueue$3.run(Unknown Source)
        at java.awt.EventQueue$3.run(Unknown Source)
        at java.security.AccessController.doPrivileged(Native Method)
        at java.security.ProtectionDomain$1.doIntersectionPrivilege(Unknown Source)
        at java.security.ProtectionDomain$1.doIntersectionPrivilege(Unknown Source)
        at java.awt.EventQueue$4.run(Unknown Source)
        at java.awt.EventQueue$4.run(Unknown Source)
        at java.security.AccessController.doPrivileged(Native Method)
        at java.security.ProtectionDomain$1.doIntersectionPrivilege(Unknown Source)
        at java.awt.EventQueue.dispatchEvent(Unknown Source)
        at java.awt.EventDispatchThread.pumpOneEventForFilters(Unknown Source)
        at java.awt.EventDispatchThread.pumpEventsForFilter(Unknown Source)
        at java.awt.EventDispatchThread.pumpEventsForHierarchy(Unknown Source)
        at java.awt.EventDispatchThread.pumpEvents(Unknown Source)
        at java.awt.EventDispatchThread.pumpEvents(Unknown Source)
        at java.awt.EventDispatchThread.run(Unknown Source)
14-Jul-17 18:46:19.638 SEVE: gemriwfm.app.main.ui.controller.PETMRTaskListUI